
> projectlvqi@0.1.0 dev:backend
> npm run -w backend dev


> projectlvqi-backend@0.1.0 dev
> nest start --watch

[2J[3J[H[[90m10:36:00[0m] Starting compilation in watch mode...

[96msrc/audit/audit.interceptor.ts[0m:[93m56[0m:[93m17[0m - [91merror[0m[90m TS2322: [0mType 'InputJsonValue | undefined' is not assignable to type 'string | null | undefined'.
  Type 'number' is not assignable to type 'string'.

[7m56[0m                 requestBody
[7m  [0m [91m                ~~~~~~~~~~~[0m

  [96m../node_modules/.prisma/client/index.d.ts[0m:[93m23331[0m:[93m5[0m
    [7m23331[0m     requestBody?: string | null
    [7m     [0m [96m    ~~~~~~~~~~~[0m
    The expected type comes from property 'requestBody' which is declared here on type '(Without<AuditLogCreateInput, AuditLogUncheckedCreateInput> & AuditLogUncheckedCreateInput) | (Without<...> & AuditLogCreateInput)'

[96msrc/modules/pm-assistant/pm-assistant.service.ts[0m:[93m5[0m:[93m15[0m - [91merror[0m[90m TS2305: [0mModule '"@prisma/client"' has no exported member 'PmAssistantLog'.

[7m5[0m import type { PmAssistantLog, PmAssistantJobConfig } from '@prisma/client';
[7m [0m [91m              ~~~~~~~~~~~~~~[0m

[96msrc/modules/pm-assistant/pm-assistant.service.ts[0m:[93m5[0m:[93m31[0m - [91merror[0m[90m TS2305: [0mModule '"@prisma/client"' has no exported member 'PmAssistantJobConfig'.

[7m5[0m import type { PmAssistantLog, PmAssistantJobConfig } from '@prisma/client';
[7m [0m [91m                              ~~~~~~~~~~~~~~~~~~~~[0m

[96msrc/modules/pm-assistant/pm-assistant.service.ts[0m:[93m52[0m:[93m36[0m - [91merror[0m[90m TS2339: [0mProperty 'pmAssistantLog' does not exist on type 'PrismaService'.

[7m52[0m     const rows = await this.prisma.pmAssistantLog.findMany({
[7m  [0m [91m                                   ~~~~~~~~~~~~~~[0m

[96msrc/modules/pm-assistant/pm-assistant.service.ts[0m:[93m70[0m:[93m40[0m - [91merror[0m[90m TS2339: [0mProperty 'pmAssistantJobConfig' does not exist on type 'PrismaService'.

[7m70[0m     const existing = await this.prisma.pmAssistantJobConfig.findMany();
[7m  [0m [91m                                       ~~~~~~~~~~~~~~~~~~~~[0m

[96msrc/modules/pm-assistant/pm-assistant.service.ts[0m:[93m77[0m:[93m25[0m - [91merror[0m[90m TS2339: [0mProperty 'pmAssistantJobConfig' does not exist on type 'PrismaService'.

[7m77[0m       await this.prisma.pmAssistantJobConfig.createMany({ data: missing });
[7m  [0m [91m                        ~~~~~~~~~~~~~~~~~~~~[0m

[96msrc/modules/pm-assistant/pm-assistant.service.ts[0m:[93m79[0m:[93m36[0m - [91merror[0m[90m TS2339: [0mProperty 'pmAssistantJobConfig' does not exist on type 'PrismaService'.

[7m79[0m     const rows = await this.prisma.pmAssistantJobConfig.findMany({ orderBy: { jobId: 'asc' } });
[7m  [0m [91m                                   ~~~~~~~~~~~~~~~~~~~~[0m

[96msrc/modules/pm-assistant/pm-assistant.service.ts[0m:[93m87[0m:[93m23[0m - [91merror[0m[90m TS2339: [0mProperty 'pmAssistantJobConfig' does not exist on type 'PrismaService'.

[7m87[0m     await this.prisma.pmAssistantJobConfig.upsert({
[7m  [0m [91m                      ~~~~~~~~~~~~~~~~~~~~[0m

[96msrc/modules/pm-assistant/pm-assistant.service.ts[0m:[93m101[0m:[93m38[0m - [91merror[0m[90m TS2339: [0mProperty 'pmAssistantJobConfig' does not exist on type 'PrismaService'.

[7m101[0m     const config = await this.prisma.pmAssistantJobConfig.findUnique({ where: { jobId } });
[7m   [0m [91m                                     ~~~~~~~~~~~~~~~~~~~~[0m

[96msrc/modules/pm-assistant/pm-assistant.service.ts[0m:[93m520[0m:[93m25[0m - [91merror[0m[90m TS2339: [0mProperty 'pmAssistantLog' does not exist on type 'PrismaService'.

[7m520[0m       await this.prisma.pmAssistantLog.create({
[7m   [0m [91m                        ~~~~~~~~~~~~~~[0m

[96msrc/modules/pm-assistant/pm-assistant.service.ts[0m:[93m539[0m:[93m23[0m - [91merror[0m[90m TS2339: [0mProperty 'pmAssistantLog' does not exist on type 'PrismaService'.

[7m539[0m     await this.prisma.pmAssistantLog.deleteMany({
[7m   [0m [91m                      ~~~~~~~~~~~~~~[0m

[96msrc/modules/requirements/requirements.service.ts[0m:[93m122[0m:[93m11[0m - [91merror[0m[90m TS2322: [0mType '{ title: string; description: string; priority: $Enums.RequirementPriority; status: $Enums.RequirementStatus; version: string | null; }' is not assignable to type 'string'.

[7m122[0m           before,
[7m   [0m [91m          ~~~~~~[0m

  [96m../node_modules/.prisma/client/index.d.ts[0m:[93m22581[0m:[93m5[0m
    [7m22581[0m     before?: string | null
    [7m     [0m [96m    ~~~~~~[0m
    The expected type comes from property 'before' which is declared here on type '(Without<RequirementChangeCreateInput, RequirementChangeUncheckedCreateInput> & RequirementChangeUncheckedCreateInput) | (Without<...> & RequirementChangeCreateInput)'

[96msrc/modules/requirements/requirements.service.ts[0m:[93m123[0m:[93m11[0m - [91merror[0m[90m TS2322: [0mType '{ description: string; version: string | null; title: string; priority: $Enums.RequirementPriority; status: $Enums.RequirementStatus; }' is not assignable to type 'string'.

[7m123[0m           after,
[7m   [0m [91m          ~~~~~[0m

  [96m../node_modules/.prisma/client/index.d.ts[0m:[93m22582[0m:[93m5[0m
    [7m22582[0m     after?: string | null
    [7m     [0m [96m    ~~~~~[0m
    The expected type comes from property 'after' which is declared here on type '(Without<RequirementChangeCreateInput, RequirementChangeUncheckedCreateInput> & RequirementChangeUncheckedCreateInput) | (Without<...> & RequirementChangeCreateInput)'

[[90m10:36:02[0m] Found 13 errors. Watching for file changes.

[2J[3J[H[[90m10:36:12[0m] File change detected. Starting incremental compilation...

[96msrc/audit/audit.interceptor.ts[0m:[93m56[0m:[93m17[0m - [91merror[0m[90m TS2322: [0mType 'InputJsonValue | undefined' is not assignable to type 'string | null | undefined'.
  Type 'number' is not assignable to type 'string'.

[7m56[0m                 requestBody
[7m  [0m [91m                ~~~~~~~~~~~[0m

  [96m../node_modules/.prisma/client/index.d.ts[0m:[93m23331[0m:[93m5[0m
    [7m23331[0m     requestBody?: string | null
    [7m     [0m [96m    ~~~~~~~~~~~[0m
    The expected type comes from property 'requestBody' which is declared here on type '(Without<AuditLogCreateInput, AuditLogUncheckedCreateInput> & AuditLogUncheckedCreateInput) | (Without<...> & AuditLogCreateInput)'

[96msrc/modules/pm-assistant/pm-assistant.service.ts[0m:[93m5[0m:[93m15[0m - [91merror[0m[90m TS2305: [0mModule '"@prisma/client"' has no exported member 'PmAssistantLog'.

[7m5[0m import type { PmAssistantLog, PmAssistantJobConfig } from '@prisma/client';
[7m [0m [91m              ~~~~~~~~~~~~~~[0m

[96msrc/modules/pm-assistant/pm-assistant.service.ts[0m:[93m5[0m:[93m31[0m - [91merror[0m[90m TS2305: [0mModule '"@prisma/client"' has no exported member 'PmAssistantJobConfig'.

[7m5[0m import type { PmAssistantLog, PmAssistantJobConfig } from '@prisma/client';
[7m [0m [91m                              ~~~~~~~~~~~~~~~~~~~~[0m

[96msrc/modules/pm-assistant/pm-assistant.service.ts[0m:[93m52[0m:[93m36[0m - [91merror[0m[90m TS2339: [0mProperty 'pmAssistantLog' does not exist on type 'PrismaService'.

[7m52[0m     const rows = await this.prisma.pmAssistantLog.findMany({
[7m  [0m [91m                                   ~~~~~~~~~~~~~~[0m

[96msrc/modules/pm-assistant/pm-assistant.service.ts[0m:[93m70[0m:[93m40[0m - [91merror[0m[90m TS2339: [0mProperty 'pmAssistantJobConfig' does not exist on type 'PrismaService'.

[7m70[0m     const existing = await this.prisma.pmAssistantJobConfig.findMany();
[7m  [0m [91m                                       ~~~~~~~~~~~~~~~~~~~~[0m

[96msrc/modules/pm-assistant/pm-assistant.service.ts[0m:[93m77[0m:[93m25[0m - [91merror[0m[90m TS2339: [0mProperty 'pmAssistantJobConfig' does not exist on type 'PrismaService'.

[7m77[0m       await this.prisma.pmAssistantJobConfig.createMany({ data: missing });
[7m  [0m [91m                        ~~~~~~~~~~~~~~~~~~~~[0m

[96msrc/modules/pm-assistant/pm-assistant.service.ts[0m:[93m79[0m:[93m36[0m - [91merror[0m[90m TS2339: [0mProperty 'pmAssistantJobConfig' does not exist on type 'PrismaService'.

[7m79[0m     const rows = await this.prisma.pmAssistantJobConfig.findMany({ orderBy: { jobId: 'asc' } });
[7m  [0m [91m                                   ~~~~~~~~~~~~~~~~~~~~[0m

[96msrc/modules/pm-assistant/pm-assistant.service.ts[0m:[93m87[0m:[93m23[0m - [91merror[0m[90m TS2339: [0mProperty 'pmAssistantJobConfig' does not exist on type 'PrismaService'.

[7m87[0m     await this.prisma.pmAssistantJobConfig.upsert({
[7m  [0m [91m                      ~~~~~~~~~~~~~~~~~~~~[0m

[96msrc/modules/pm-assistant/pm-assistant.service.ts[0m:[93m101[0m:[93m38[0m - [91merror[0m[90m TS2339: [0mProperty 'pmAssistantJobConfig' does not exist on type 'PrismaService'.

[7m101[0m     const config = await this.prisma.pmAssistantJobConfig.findUnique({ where: { jobId } });
[7m   [0m [91m                                     ~~~~~~~~~~~~~~~~~~~~[0m

[96msrc/modules/pm-assistant/pm-assistant.service.ts[0m:[93m520[0m:[93m25[0m - [91merror[0m[90m TS2339: [0mProperty 'pmAssistantLog' does not exist on type 'PrismaService'.

[7m520[0m       await this.prisma.pmAssistantLog.create({
[7m   [0m [91m                        ~~~~~~~~~~~~~~[0m

[96msrc/modules/pm-assistant/pm-assistant.service.ts[0m:[93m539[0m:[93m23[0m - [91merror[0m[90m TS2339: [0mProperty 'pmAssistantLog' does not exist on type 'PrismaService'.

[7m539[0m     await this.prisma.pmAssistantLog.deleteMany({
[7m   [0m [91m                      ~~~~~~~~~~~~~~[0m

[[90m10:36:15[0m] Found 11 errors. Watching for file changes.

[2J[3J[H[[90m10:36:27[0m] File change detected. Starting incremental compilation...

[[90m10:36:29[0m] Found 0 errors. Watching for file changes.

(node:45766) [DEP0190] DeprecationWarning: Passing args to a child process with shell option true can lead to security vulnerabilities, as the arguments are not escaped, only concatenated.
(Use `node --trace-deprecation ...` to show where the warning was created)
[32m[Nest] 46240  - [39m2026/02/24 10:36:30 [32m    LOG[39m [38;5;3m[NestFactory] [39m[32mStarting Nest application...[39m
[32m[Nest] 46240  - [39m2026/02/24 10:36:30 [32m    LOG[39m [38;5;3m[InstanceLoader] [39m[32mDatabaseModule dependencies initialized[39m[38;5;3m +108ms[39m
[32m[Nest] 46240  - [39m2026/02/24 10:36:30 [32m    LOG[39m [38;5;3m[InstanceLoader] [39m[32mJwtModule dependencies initialized[39m[38;5;3m +3ms[39m
[32m[Nest] 46240  - [39m2026/02/24 10:36:30 [32m    LOG[39m [38;5;3m[InstanceLoader] [39m[32mDiscoveryModule dependencies initialized[39m[38;5;3m +0ms[39m
[32m[Nest] 46240  - [39m2026/02/24 10:36:30 [32m    LOG[39m [38;5;3m[InstanceLoader] [39m[32mDashboardModule dependencies initialized[39m[38;5;3m +1ms[39m
[32m[Nest] 46240  - [39m2026/02/24 10:36:30 [32m    LOG[39m [38;5;3m[InstanceLoader] [39m[32mAuditLogsModule dependencies initialized[39m[38;5;3m +0ms[39m
[32m[Nest] 46240  - [39m2026/02/24 10:36:30 [32m    LOG[39m [38;5;3m[InstanceLoader] [39m[32mUsersModule dependencies initialized[39m[38;5;3m +0ms[39m
[32m[Nest] 46240  - [39m2026/02/24 10:36:30 [32m    LOG[39m [38;5;3m[InstanceLoader] [39m[32mAppModule dependencies initialized[39m[38;5;3m +0ms[39m
[32m[Nest] 46240  - [39m2026/02/24 10:36:30 [32m    LOG[39m [38;5;3m[InstanceLoader] [39m[32mScheduleModule dependencies initialized[39m[38;5;3m +0ms[39m
[32m[Nest] 46240  - [39m2026/02/24 10:36:30 [32m    LOG[39m [38;5;3m[InstanceLoader] [39m[32mAuthModule dependencies initialized[39m[38;5;3m +0ms[39m
[32m[Nest] 46240  - [39m2026/02/24 10:36:30 [32m    LOG[39m [38;5;3m[InstanceLoader] [39m[32mConfigModule dependencies initialized[39m[38;5;3m +0ms[39m
[32m[Nest] 46240  - [39m2026/02/24 10:36:30 [32m    LOG[39m [38;5;3m[InstanceLoader] [39m[32mNotificationsModule dependencies initialized[39m[38;5;3m +0ms[39m
[32m[Nest] 46240  - [39m2026/02/24 10:36:30 [32m    LOG[39m [38;5;3m[InstanceLoader] [39m[32mProjectsModule dependencies initialized[39m[38;5;3m +0ms[39m
[32m[Nest] 46240  - [39m2026/02/24 10:36:30 [32m    LOG[39m [38;5;3m[InstanceLoader] [39m[32mWorklogsModule dependencies initialized[39m[38;5;3m +0ms[39m
[32m[Nest] 46240  - [39m2026/02/24 10:36:30 [32m    LOG[39m [38;5;3m[InstanceLoader] [39m[32mAiModule dependencies initialized[39m[38;5;3m +1ms[39m
[32m[Nest] 46240  - [39m2026/02/24 10:36:30 [32m    LOG[39m [38;5;3m[InstanceLoader] [39m[32mFeishuModule dependencies initialized[39m[38;5;3m +0ms[39m
[32m[Nest] 46240  - [39m2026/02/24 10:36:30 [32m    LOG[39m [38;5;3m[InstanceLoader] [39m[32mFeishuUsersModule dependencies initialized[39m[38;5;3m +0ms[39m
[32m[Nest] 46240  - [39m2026/02/24 10:36:30 [32m    LOG[39m [38;5;3m[InstanceLoader] [39m[32mRisksModule dependencies initialized[39m[38;5;3m +0ms[39m
[32m[Nest] 46240  - [39m2026/02/24 10:36:30 [32m    LOG[39m [38;5;3m[InstanceLoader] [39m[32mRequirementsModule dependencies initialized[39m[38;5;3m +0ms[39m
[32m[Nest] 46240  - [39m2026/02/24 10:36:30 [32m    LOG[39m [38;5;3m[InstanceLoader] [39m[32mCostsModule dependencies initialized[39m[38;5;3m +0ms[39m
[32m[Nest] 46240  - [39m2026/02/24 10:36:30 [32m    LOG[39m [38;5;3m[InstanceLoader] [39m[32mSchedulesModule dependencies initialized[39m[38;5;3m +0ms[39m
[32m[Nest] 46240  - [39m2026/02/24 10:36:30 [32m    LOG[39m [38;5;3m[InstanceLoader] [39m[32mPmAssistantModule dependencies initialized[39m[38;5;3m +0ms[39m
[32m[Nest] 46240  - [39m2026/02/24 10:36:30 [32m    LOG[39m [38;5;3m[RoutesResolver] [39m[32mAppController {/}:[39m[38;5;3m +21ms[39m
[32m[Nest] 46240  - [39m2026/02/24 10:36:30 [32m    LOG[39m [38;5;3m[RouterExplorer] [39m[32mMapped {/health, GET} route[39m[38;5;3m +1ms[39m
[32m[Nest] 46240  - [39m2026/02/24 10:36:30 [32m    LOG[39m [38;5;3m[RoutesResolver] [39m[32mNotificationsController {/api/v1/notifications}:[39m[38;5;3m +0ms[39m
[32m[Nest] 46240  - [39m2026/02/24 10:36:30 [32m    LOG[39m [38;5;3m[RouterExplorer] [39m[32mMapped {/api/v1/notifications, GET} route[39m[38;5;3m +1ms[39m
[32m[Nest] 46240  - [39m2026/02/24 10:36:30 [32m    LOG[39m [38;5;3m[RouterExplorer] [39m[32mMapped {/api/v1/notifications/:id/read, POST} route[39m[38;5;3m +0ms[39m
[32m[Nest] 46240  - [39m2026/02/24 10:36:30 [32m    LOG[39m [38;5;3m[RoutesResolver] [39m[32mAuthController {/api/v1/auth}:[39m[38;5;3m +0ms[39m
[32m[Nest] 46240  - [39m2026/02/24 10:36:30 [32m    LOG[39m [38;5;3m[RouterExplorer] [39m[32mMapped {/api/v1/auth/login, POST} route[39m[38;5;3m +0ms[39m
[32m[Nest] 46240  - [39m2026/02/24 10:36:30 [32m    LOG[39m [38;5;3m[RoutesResolver] [39m[32mProjectsController {/api/v1/projects}:[39m[38;5;3m +0ms[39m
[32m[Nest] 46240  - [39m2026/02/24 10:36:30 [32m    LOG[39m [38;5;3m[RouterExplorer] [39m[32mMapped {/api/v1/projects, GET} route[39m[38;5;3m +0ms[39m
[32m[Nest] 46240  - [39m2026/02/24 10:36:30 [32m    LOG[39m [38;5;3m[RouterExplorer] [39m[32mMapped {/api/v1/projects, POST} route[39m[38;5;3m +0ms[39m
[32m[Nest] 46240  - [39m2026/02/24 10:36:30 [32m    LOG[39m [38;5;3m[RouterExplorer] [39m[32mMapped {/api/v1/projects/:id, PATCH} route[39m[38;5;3m +0ms[39m
[32m[Nest] 46240  - [39m2026/02/24 10:36:30 [32m    LOG[39m [38;5;3m[RouterExplorer] [39m[32mMapped {/api/v1/projects/:id, DELETE} route[39m[38;5;3m +0ms[39m
[32m[Nest] 46240  - [39m2026/02/24 10:36:30 [32m    LOG[39m [38;5;3m[RoutesResolver] [39m[32mRequirementsController {/api/v1/requirements}:[39m[38;5;3m +0ms[39m
[32m[Nest] 46240  - [39m2026/02/24 10:36:30 [32m    LOG[39m [38;5;3m[RouterExplorer] [39m[32mMapped {/api/v1/requirements, GET} route[39m[38;5;3m +0ms[39m
[32m[Nest] 46240  - [39m2026/02/24 10:36:30 [32m    LOG[39m [38;5;3m[RouterExplorer] [39m[32mMapped {/api/v1/requirements, POST} route[39m[38;5;3m +0ms[39m
[32m[Nest] 46240  - [39m2026/02/24 10:36:30 [32m    LOG[39m [38;5;3m[RouterExplorer] [39m[32mMapped {/api/v1/requirements/:id/review, POST} route[39m[38;5;3m +1ms[39m
[32m[Nest] 46240  - [39m2026/02/24 10:36:30 [32m    LOG[39m [38;5;3m[RouterExplorer] [39m[32mMapped {/api/v1/requirements/:id/change, POST} route[39m[38;5;3m +0ms[39m
[32m[Nest] 46240  - [39m2026/02/24 10:36:30 [32m    LOG[39m [38;5;3m[RouterExplorer] [39m[32mMapped {/api/v1/requirements/:id/changes, GET} route[39m[38;5;3m +0ms[39m
[32m[Nest] 46240  - [39m2026/02/24 10:36:30 [32m    LOG[39m [38;5;3m[RouterExplorer] [39m[32mMapped {/api/v1/requirements/:id, PATCH} route[39m[38;5;3m +0ms[39m
[32m[Nest] 46240  - [39m2026/02/24 10:36:30 [32m    LOG[39m [38;5;3m[RouterExplorer] [39m[32mMapped {/api/v1/requirements/:id, DELETE} route[39m[38;5;3m +0ms[39m
[32m[Nest] 46240  - [39m2026/02/24 10:36:30 [32m    LOG[39m [38;5;3m[RoutesResolver] [39m[32mCostsController {/api/v1/cost-entries}:[39m[38;5;3m +0ms[39m
[32m[Nest] 46240  - [39m2026/02/24 10:36:30 [32m    LOG[39m [38;5;3m[RouterExplorer] [39m[32mMapped {/api/v1/cost-entries, GET} route[39m[38;5;3m +0ms[39m
[32m[Nest] 46240  - [39m2026/02/24 10:36:30 [32m    LOG[39m [38;5;3m[RouterExplorer] [39m[32mMapped {/api/v1/cost-entries, POST} route[39m[38;5;3m +0ms[39m
[32m[Nest] 46240  - [39m2026/02/24 10:36:30 [32m    LOG[39m [38;5;3m[RouterExplorer] [39m[32mMapped {/api/v1/cost-entries/:id, PATCH} route[39m[38;5;3m +0ms[39m
[32m[Nest] 46240  - [39m2026/02/24 10:36:30 [32m    LOG[39m [38;5;3m[RouterExplorer] [39m[32mMapped {/api/v1/cost-entries/:id, DELETE} route[39m[38;5;3m +0ms[39m
[32m[Nest] 46240  - [39m2026/02/24 10:36:30 [32m    LOG[39m [38;5;3m[RouterExplorer] [39m[32mMapped {/api/v1/cost-entries/summary, GET} route[39m[38;5;3m +0ms[39m
[32m[Nest] 46240  - [39m2026/02/24 10:36:30 [32m    LOG[39m [38;5;3m[RoutesResolver] [39m[32mSchedulesController {/api/v1/projects}:[39m[38;5;3m +0ms[39m
[32m[Nest] 46240  - [39m2026/02/24 10:36:30 [32m    LOG[39m [38;5;3m[RouterExplorer] [39m[32mMapped {/api/v1/projects/:id/schedule, GET} route[39m[38;5;3m +0ms[39m
[32m[Nest] 46240  - [39m2026/02/24 10:36:30 [32m    LOG[39m [38;5;3m[RouterExplorer] [39m[32mMapped {/api/v1/projects/tasks, POST} route[39m[38;5;3m +0ms[39m
[32m[Nest] 46240  - [39m2026/02/24 10:36:30 [32m    LOG[39m [38;5;3m[RouterExplorer] [39m[32mMapped {/api/v1/projects/tasks/:id, PATCH} route[39m[38;5;3m +0ms[39m
[32m[Nest] 46240  - [39m2026/02/24 10:36:30 [32m    LOG[39m [38;5;3m[RouterExplorer] [39m[32mMapped {/api/v1/projects/tasks/:id, DELETE} route[39m[38;5;3m +0ms[39m
[32m[Nest] 46240  - [39m2026/02/24 10:36:30 [32m    LOG[39m [38;5;3m[RouterExplorer] [39m[32mMapped {/api/v1/projects/milestones, POST} route[39m[38;5;3m +0ms[39m
[32m[Nest] 46240  - [39m2026/02/24 10:36:30 [32m    LOG[39m [38;5;3m[RouterExplorer] [39m[32mMapped {/api/v1/projects/milestones/:id, PATCH} route[39m[38;5;3m +0ms[39m
[32m[Nest] 46240  - [39m2026/02/24 10:36:30 [32m    LOG[39m [38;5;3m[RouterExplorer] [39m[32mMapped {/api/v1/projects/milestones/:id, DELETE} route[39m[38;5;3m +0ms[39m
[32m[Nest] 46240  - [39m2026/02/24 10:36:30 [32m    LOG[39m [38;5;3m[RouterExplorer] [39m[32mMapped {/api/v1/projects/:id/risks, GET} route[39m[38;5;3m +0ms[39m
[32m[Nest] 46240  - [39m2026/02/24 10:36:30 [32m    LOG[39m [38;5;3m[RoutesResolver] [39m[32mScheduleDependenciesController {/api/v1/schedule-dependencies}:[39m[38;5;3m +0ms[39m
[32m[Nest] 46240  - [39m2026/02/24 10:36:30 [32m    LOG[39m [38;5;3m[RouterExplorer] [39m[32mMapped {/api/v1/schedule-dependencies, GET} route[39m[38;5;3m +0ms[39m
[32m[Nest] 46240  - [39m2026/02/24 10:36:30 [32m    LOG[39m [38;5;3m[RouterExplorer] [39m[32mMapped {/api/v1/schedule-dependencies, POST} route[39m[38;5;3m +1ms[39m
[32m[Nest] 46240  - [39m2026/02/24 10:36:30 [32m    LOG[39m [38;5;3m[RouterExplorer] [39m[32mMapped {/api/v1/schedule-dependencies/:id, DELETE} route[39m[38;5;3m +0ms[39m
[32m[Nest] 46240  - [39m2026/02/24 10:36:30 [32m    LOG[39m [38;5;3m[RoutesResolver] [39m[32mWorklogsController {/api/v1/worklogs}:[39m[38;5;3m +0ms[39m
[32m[Nest] 46240  - [39m2026/02/24 10:36:30 [32m    LOG[39m [38;5;3m[RouterExplorer] [39m[32mMapped {/api/v1/worklogs, GET} route[39m[38;5;3m +0ms[39m
[32m[Nest] 46240  - [39m2026/02/24 10:36:30 [32m    LOG[39m [38;5;3m[RouterExplorer] [39m[32mMapped {/api/v1/worklogs, POST} route[39m[38;5;3m +0ms[39m
[32m[Nest] 46240  - [39m2026/02/24 10:36:30 [32m    LOG[39m [38;5;3m[RouterExplorer] [39m[32mMapped {/api/v1/worklogs/:id, PATCH} route[39m[38;5;3m +0ms[39m
[32m[Nest] 46240  - [39m2026/02/24 10:36:30 [32m    LOG[39m [38;5;3m[RouterExplorer] [39m[32mMapped {/api/v1/worklogs/:id, DELETE} route[39m[38;5;3m +0ms[39m
[32m[Nest] 46240  - [39m2026/02/24 10:36:30 [32m    LOG[39m [38;5;3m[RoutesResolver] [39m[32mDashboardController {/api/v1/dashboard}:[39m[38;5;3m +0ms[39m
[32m[Nest] 46240  - [39m2026/02/24 10:36:30 [32m    LOG[39m [38;5;3m[RouterExplorer] [39m[32mMapped {/api/v1/dashboard/overview, GET} route[39m[38;5;3m +0ms[39m
[32m[Nest] 46240  - [39m2026/02/24 10:36:30 [32m    LOG[39m [38;5;3m[RoutesResolver] [39m[32mAiController {/api/v1/ai}:[39m[38;5;3m +0ms[39m
[32m[Nest] 46240  - [39m2026/02/24 10:36:30 [32m    LOG[39m [38;5;3m[RouterExplorer] [39m[32mMapped {/api/v1/ai/reports/weekly, POST} route[39m[38;5;3m +0ms[39m
[32m[Nest] 46240  - [39m2026/02/24 10:36:30 [32m    LOG[39m [38;5;3m[RouterExplorer] [39m[32mMapped {/api/v1/ai/reports/progress, POST} route[39m[38;5;3m +0ms[39m
[32m[Nest] 46240  - [39m2026/02/24 10:36:30 [32m    LOG[39m [38;5;3m[RouterExplorer] [39m[32mMapped {/api/v1/ai/requirements/review, POST} route[39m[38;5;3m +0ms[39m
[32m[Nest] 46240  - [39m2026/02/24 10:36:30 [32m    LOG[39m [38;5;3m[RouterExplorer] [39m[32mMapped {/api/v1/ai/tasks/parse, POST} route[39m[38;5;3m +0ms[39m
[32m[Nest] 46240  - [39m2026/02/24 10:36:30 [32m    LOG[39m [38;5;3m[RouterExplorer] [39m[32mMapped {/api/v1/ai/tasks/parse-meeting, POST} route[39m[38;5;3m +0ms[39m
[32m[Nest] 46240  - [39m2026/02/24 10:36:30 [32m    LOG[39m [38;5;3m[RouterExplorer] [39m[32mMapped {/api/v1/ai/dashboard/summary, POST} route[39m[38;5;3m +0ms[39m
[32m[Nest] 46240  - [39m2026/02/24 10:36:30 [32m    LOG[39m [38;5;3m[RouterExplorer] [39m[32mMapped {/api/v1/ai/risks/predict, POST} route[39m[38;5;3m +0ms[39m
[32m[Nest] 46240  - [39m2026/02/24 10:36:30 [32m    LOG[39m [38;5;3m[RouterExplorer] [39m[32mMapped {/api/v1/ai/requirements/import, POST} route[39m[38;5;3m +0ms[39m
[32m[Nest] 46240  - [39m2026/02/24 10:36:30 [32m    LOG[39m [38;5;3m[RoutesResolver] [39m[32mConfigController {/api/v1/config}:[39m[38;5;3m +0ms[39m
[32m[Nest] 46240  - [39m2026/02/24 10:36:30 [32m    LOG[39m [38;5;3m[RouterExplorer] [39m[32mMapped {/api/v1/config, GET} route[39m[38;5;3m +0ms[39m
[32m[Nest] 46240  - [39m2026/02/24 10:36:30 [32m    LOG[39m [38;5;3m[RouterExplorer] [39m[32mMapped {/api/v1/config, POST} route[39m[38;5;3m +0ms[39m
[32m[Nest] 46240  - [39m2026/02/24 10:36:30 [32m    LOG[39m [38;5;3m[RoutesResolver] [39m[32mAuditLogsController {/api/v1/audit-logs}:[39m[38;5;3m +0ms[39m
[32m[Nest] 46240  - [39m2026/02/24 10:36:30 [32m    LOG[39m [38;5;3m[RouterExplorer] [39m[32mMapped {/api/v1/audit-logs, GET} route[39m[38;5;3m +0ms[39m
[32m[Nest] 46240  - [39m2026/02/24 10:36:30 [32m    LOG[39m [38;5;3m[RoutesResolver] [39m[32mUsersController {/api/v1/users}:[39m[38;5;3m +0ms[39m
[32m[Nest] 46240  - [39m2026/02/24 10:36:30 [32m    LOG[39m [38;5;3m[RouterExplorer] [39m[32mMapped {/api/v1/users, GET} route[39m[38;5;3m +1ms[39m
[32m[Nest] 46240  - [39m2026/02/24 10:36:30 [32m    LOG[39m [38;5;3m[RoutesResolver] [39m[32mFeishuController {/api/v1/feishu}:[39m[38;5;3m +0ms[39m
[32m[Nest] 46240  - [39m2026/02/24 10:36:30 [32m    LOG[39m [38;5;3m[RouterExplorer] [39m[32mMapped {/api/v1/feishu/records, GET} route[39m[38;5;3m +0ms[39m
[32m[Nest] 46240  - [39m2026/02/24 10:36:30 [32m    LOG[39m [38;5;3m[RouterExplorer] [39m[32mMapped {/api/v1/feishu/records, POST} route[39m[38;5;3m +0ms[39m
[32m[Nest] 46240  - [39m2026/02/24 10:36:30 [32m    LOG[39m [38;5;3m[RouterExplorer] [39m[32mMapped {/api/v1/feishu/records/:recordId, PUT} route[39m[38;5;3m +0ms[39m
[32m[Nest] 46240  - [39m2026/02/24 10:36:30 [32m    LOG[39m [38;5;3m[RouterExplorer] [39m[32mMapped {/api/v1/feishu/records/:recordId, DELETE} route[39m[38;5;3m +0ms[39m
[32m[Nest] 46240  - [39m2026/02/24 10:36:30 [32m    LOG[39m [38;5;3m[RoutesResolver] [39m[32mFeishuUsersController {/api/v1/feishu-users}:[39m[38;5;3m +0ms[39m
[32m[Nest] 46240  - [39m2026/02/24 10:36:30 [32m    LOG[39m [38;5;3m[RouterExplorer] [39m[32mMapped {/api/v1/feishu-users, GET} route[39m[38;5;3m +0ms[39m
[32m[Nest] 46240  - [39m2026/02/24 10:36:30 [32m    LOG[39m [38;5;3m[RouterExplorer] [39m[32mMapped {/api/v1/feishu-users, POST} route[39m[38;5;3m +0ms[39m
[32m[Nest] 46240  - [39m2026/02/24 10:36:30 [32m    LOG[39m [38;5;3m[RouterExplorer] [39m[32mMapped {/api/v1/feishu-users/:id, PUT} route[39m[38;5;3m +0ms[39m
[32m[Nest] 46240  - [39m2026/02/24 10:36:30 [32m    LOG[39m [38;5;3m[RouterExplorer] [39m[32mMapped {/api/v1/feishu-users/:id, DELETE} route[39m[38;5;3m +0ms[39m
[32m[Nest] 46240  - [39m2026/02/24 10:36:30 [32m    LOG[39m [38;5;3m[RoutesResolver] [39m[32mRisksController {/api/v1/risks}:[39m[38;5;3m +0ms[39m
[32m[Nest] 46240  - [39m2026/02/24 10:36:30 [32m    LOG[39m [38;5;3m[RouterExplorer] [39m[32mMapped {/api/v1/risks, GET} route[39m[38;5;3m +0ms[39m
[32m[Nest] 46240  - [39m2026/02/24 10:36:30 [32m    LOG[39m [38;5;3m[RouterExplorer] [39m[32mMapped {/api/v1/risks/all, GET} route[39m[38;5;3m +0ms[39m
[32m[Nest] 46240  - [39m2026/02/24 10:36:30 [32m    LOG[39m [38;5;3m[RouterExplorer] [39m[32mMapped {/api/v1/risks/rules, GET} route[39m[38;5;3m +0ms[39m
[32m[Nest] 46240  - [39m2026/02/24 10:36:30 [32m    LOG[39m [38;5;3m[RouterExplorer] [39m[32mMapped {/api/v1/risks/rules, PUT} route[39m[38;5;3m +0ms[39m
[32m[Nest] 46240  - [39m2026/02/24 10:36:30 [32m    LOG[39m [38;5;3m[RouterExplorer] [39m[32mMapped {/api/v1/risks/rules/logs, GET} route[39m[38;5;3m +0ms[39m
[32m[Nest] 46240  - [39m2026/02/24 10:36:30 [32m    LOG[39m [38;5;3m[RoutesResolver] [39m[32mPmAssistantController {/api/v1/pm-assistant}:[39m[38;5;3m +0ms[39m
[32m[Nest] 46240  - [39m2026/02/24 10:36:30 [32m    LOG[39m [38;5;3m[RouterExplorer] [39m[32mMapped {/api/v1/pm-assistant/jobs, GET} route[39m[38;5;3m +0ms[39m
[32m[Nest] 46240  - [39m2026/02/24 10:36:30 [32m    LOG[39m [38;5;3m[RouterExplorer] [39m[32mMapped {/api/v1/pm-assistant/prompts, GET} route[39m[38;5;3m +0ms[39m
[32m[Nest] 46240  - [39m2026/02/24 10:36:30 [32m    LOG[39m [38;5;3m[RouterExplorer] [39m[32mMapped {/api/v1/pm-assistant/run, POST} route[39m[38;5;3m +0ms[39m
[32m[Nest] 46240  - [39m2026/02/24 10:36:30 [32m    LOG[39m [38;5;3m[RouterExplorer] [39m[32mMapped {/api/v1/pm-assistant/logs, GET} route[39m[38;5;3m +0ms[39m
[32m[Nest] 46240  - [39m2026/02/24 10:36:30 [32m    LOG[39m [38;5;3m[RouterExplorer] [39m[32mMapped {/api/v1/pm-assistant/schedules, GET} route[39m[38;5;3m +0ms[39m
[32m[Nest] 46240  - [39m2026/02/24 10:36:30 [32m    LOG[39m [38;5;3m[RouterExplorer] [39m[32mMapped {/api/v1/pm-assistant/schedules, POST} route[39m[38;5;3m +0ms[39m
[32m[Nest] 46240  - [39m2026/02/24 10:36:30 [32m    LOG[39m [38;5;3m[RouterExplorer] [39m[32mMapped {/api/v1/pm-assistant/schedules/timezone, POST} route[39m[38;5;3m +0ms[39m
[32m[Nest] 46240  - [39m2026/02/24 10:36:30 [32m    LOG[39m [38;5;3m[RouterExplorer] [39m[32mMapped {/api/v1/pm-assistant/configs, GET} route[39m[38;5;3m +0ms[39m
[32m[Nest] 46240  - [39m2026/02/24 10:36:30 [32m    LOG[39m [38;5;3m[RouterExplorer] [39m[32mMapped {/api/v1/pm-assistant/configs, POST} route[39m[38;5;3m +1ms[39m
[32m[Nest] 46240  - [39m2026/02/24 10:36:30 [32m    LOG[39m [38;5;3m[NestApplication] [39m[32mNest application successfully started[39m[38;5;3m +117ms[39m
[31m[Nest] 46240  - [39m2026/02/24 10:36:30 [31m  ERROR[39m [38;5;3m[NestApplication] [39m[31mError: listen EADDRINUSE: address already in use :::3000[39m[38;5;3m +2ms[39m
node:net:1940
    const ex = new UVExceptionWithHostPort(err, 'listen', address, port);
               ^

Error: listen EADDRINUSE: address already in use :::3000
    at Server.setupListenHandle [as _listen2] (node:net:1940:16)
    at listenInCluster (node:net:1997:12)
    at Server.listen (node:net:2102:7)
    at ExpressAdapter.listen (/Users/riqi/project/ProjectManagement/node_modules/@nestjs/platform-express/adapters/express-adapter.js:95:32)
    at /Users/riqi/project/ProjectManagement/node_modules/@nestjs/core/nest-application.js:183:30
    at new Promise (<anonymous>)
    at NestApplication.listen (/Users/riqi/project/ProjectManagement/node_modules/@nestjs/core/nest-application.js:173:16)
    at async bootstrap (/Users/riqi/project/ProjectManagement/backend/dist/src/main.js:44:5) {
  code: 'EADDRINUSE',
  errno: -48,
  syscall: 'listen',
  address: '::',
  port: 3000
}

Node.js v25.2.1
